2026-05-20 08:23:55 [ERROR] Database connection failed: Could not connect to any servers in your MongoDB Atlas cluster. One common reason is that you're trying to access the database from an IP that isn't whitelisted. Make sure your current IP address is on your Atlas cluster's IP whitelist: https://www.mongodb.com/docs/atlas/security-whitelist/
MongooseServerSelectionError: Could not connect to any servers in your MongoDB Atlas cluster. One common reason is that you're trying to access the database from an IP that isn't whitelisted. Make sure your current IP address is on your Atlas cluster's IP whitelist: https://www.mongodb.com/docs/atlas/security-whitelist/
    at _handleConnectionErrors (E:\Desktop\Full Stack Workout\BroCamp\Projects\Main\nexus\back-end\node_modules\mongoose\lib\connection.js:1180:11)
    at NativeConnection.openUri (E:\Desktop\Full Stack Workout\BroCamp\Projects\Main\nexus\back-end\node_modules\mongoose\lib\connection.js:1111:11)
    at async DatabaseConnection.connect (E:\Desktop\Full Stack Workout\BroCamp\Projects\Main\nexus\back-end\config\db.ts:17:26)
    at async startServer (E:\Desktop\Full Stack Workout\BroCamp\Projects\Main\nexus\back-end\server.ts:24:5)
2026-05-20 08:23:55 [ERROR] Database connection failed: Could not connect to any servers in your MongoDB Atlas cluster. One common reason is that you're trying to access the database from an IP that isn't whitelisted. Make sure your current IP address is on your Atlas cluster's IP whitelist: https://www.mongodb.com/docs/atlas/security-whitelist/
MongooseServerSelectionError: Could not connect to any servers in your MongoDB Atlas cluster. One common reason is that you're trying to access the database from an IP that isn't whitelisted. Make sure your current IP address is on your Atlas cluster's IP whitelist: https://www.mongodb.com/docs/atlas/security-whitelist/
    at _handleConnectionErrors (E:\Desktop\Full Stack Workout\BroCamp\Projects\Main\nexus\back-end\node_modules\mongoose\lib\connection.js:1180:11)
    at NativeConnection.openUri (E:\Desktop\Full Stack Workout\BroCamp\Projects\Main\nexus\back-end\node_modules\mongoose\lib\connection.js:1111:11)
    at async DatabaseConnection.connect (E:\Desktop\Full Stack Workout\BroCamp\Projects\Main\nexus\back-end\config\db.ts:17:26)
    at async startServer (E:\Desktop\Full Stack Workout\BroCamp\Projects\Main\nexus\back-end\server.ts:24:5)
2026-05-20 08:23:55 [ERROR] Database connection failed: Could not connect to any servers in your MongoDB Atlas cluster. One common reason is that you're trying to access the database from an IP that isn't whitelisted. Make sure your current IP address is on your Atlas cluster's IP whitelist: https://www.mongodb.com/docs/atlas/security-whitelist/
MongooseServerSelectionError: Could not connect to any servers in your MongoDB Atlas cluster. One common reason is that you're trying to access the database from an IP that isn't whitelisted. Make sure your current IP address is on your Atlas cluster's IP whitelist: https://www.mongodb.com/docs/atlas/security-whitelist/
    at _handleConnectionErrors (E:\Desktop\Full Stack Workout\BroCamp\Projects\Main\nexus\back-end\node_modules\mongoose\lib\connection.js:1180:11)
    at NativeConnection.openUri (E:\Desktop\Full Stack Workout\BroCamp\Projects\Main\nexus\back-end\node_modules\mongoose\lib\connection.js:1111:11)
    at async DatabaseConnection.connect (E:\Desktop\Full Stack Workout\BroCamp\Projects\Main\nexus\back-end\config\db.ts:17:26)
    at async startServer (E:\Desktop\Full Stack Workout\BroCamp\Projects\Main\nexus\back-end\server.ts:24:5)
2026-05-20 08:24:15 [ERROR] Database connection failed: Could not connect to any servers in your MongoDB Atlas cluster. One common reason is that you're trying to access the database from an IP that isn't whitelisted. Make sure your current IP address is on your Atlas cluster's IP whitelist: https://www.mongodb.com/docs/atlas/security-whitelist/
MongooseServerSelectionError: Could not connect to any servers in your MongoDB Atlas cluster. One common reason is that you're trying to access the database from an IP that isn't whitelisted. Make sure your current IP address is on your Atlas cluster's IP whitelist: https://www.mongodb.com/docs/atlas/security-whitelist/
    at _handleConnectionErrors (E:\Desktop\Full Stack Workout\BroCamp\Projects\Main\nexus\back-end\node_modules\mongoose\lib\connection.js:1180:11)
    at NativeConnection.openUri (E:\Desktop\Full Stack Workout\BroCamp\Projects\Main\nexus\back-end\node_modules\mongoose\lib\connection.js:1111:11)
    at async DatabaseConnection.connect (E:\Desktop\Full Stack Workout\BroCamp\Projects\Main\nexus\back-end\config\db.ts:17:26)
    at async startServer (E:\Desktop\Full Stack Workout\BroCamp\Projects\Main\nexus\back-end\server.ts:24:5)
